[08juil.2020 16:40:07.196] [main/INFO] [cpw.mods.modlauncher.Launcher/MODLAUNCHER]: ModLauncher running: args [--gameDir, ., --launchTarget, fmluserdevclient, --fml.mcpVersion, 20200122.131323, --fml.mcVersion, 1.15.2, --fml.forgeGroup, net.minecraftforge, --fml.forgeVersion, 31.1.0, --version, MOD_DEV, --assetIndex, 1.15, --assetsDir, C:\Users\Alexi\.gradle\caches\forge_gradle\assets, --username, Dev, --accessToken, ❄❄❄❄❄❄❄❄, --userProperties, {}]
[08juil.2020 16:40:07.203] [main/INFO] [cpw.mods.modlauncher.Launcher/MODLAUNCHER]: ModLauncher 5.0.0-milestone.4+67+b1a340b starting: java version 14.0.1 by Oracle Corporation
[08juil.2020 16:40:07.508] [main/INFO] [net.minecraftforge.fml.loading.FixSSL/CORE]: Added Lets Encrypt root certificates as additional trust
[08juil.2020 16:40:08.191] [main/INFO] [STDERR/]: [jdk.nashorn.api.scripting.NashornScriptEngine:<init>:143]: Warning: Nashorn engine is planned to be removed from a future JDK release
[08juil.2020 16:40:08.840] [main/INFO] [cpw.mods.modlauncher.LaunchServiceHandler/MODLAUNCHER]: Launching target 'fmluserdevclient' with arguments [--version, MOD_DEV, --gameDir, ., --assetsDir, C:\Users\Alexi\.gradle\caches\forge_gradle\assets, --assetIndex, 1.15, --username, Dev, --accessToken, ❄❄❄❄❄❄❄❄, --userProperties, {}]
[08juil.2020 16:40:11.246] [Render thread/INFO] [net.minecraft.client.Minecraft/]: Setting user: Dev
[08juil.2020 16:40:20.712] [Render thread/INFO] [net.minecraft.client.Minecraft/]: Backend library: LWJGL version 3.2.2 build 10
[08juil.2020 16:40:22.544] [Render thread/ERROR] [net.minecraftforge.eventbus.EventBus/EVENTBUS]: Failed to resolve handler for "net.minecraftforge.fml.network.simple.SimpleChannel$$Lambda$2250/0x0000000801416c40@44c54463"
[08juil.2020 16:40:22.568] [Render thread/INFO] [STDOUT/]: [net.minecraft.util.registry.Bootstrap:printToSYSOUT:109]: ---- Minecraft Crash Report ----
// Daisy, daisy...

Time: 08/07/2020 16:40
Description: Initializing game

java.lang.ExceptionInInitializerError: null
	at net.minecraftforge.fml.ModLoader.<init>(ModLoader.java:121) ~[forge-1.15.2-31.1.0_mapped_snapshot_20190719-1.14.3-recomp.jar:?] {re:classloading}
	at net.minecraftforge.fml.ModLoader.get(ModLoader.java:146) ~[forge-1.15.2-31.1.0_mapped_snapshot_20190719-1.14.3-recomp.jar:?] {re:classloading}
	at net.minecraftforge.fml.client.ClientModLoader.lambda$begin$2(ClientModLoader.java:97) ~[forge-1.15.2-31.1.0_mapped_snapshot_20190719-1.14.3-recomp.jar:?] {re:classloading,pl:runtimedistcleaner:A}
	at net.minecraftforge.fml.client.ClientModLoader.lambda$createRunnableWithCatch$5(ClientModLoader.java:113) ~[forge-1.15.2-31.1.0_mapped_snapshot_20190719-1.14.3-recomp.jar:?] {re:classloading,pl:runtimedistcleaner:A}
	at net.minecraftforge.fml.client.ClientModLoader.begin(ClientModLoader.java:97) ~[forge-1.15.2-31.1.0_mapped_snapshot_20190719-1.14.3-recomp.jar:?] {re:classloading,pl:runtimedistcleaner:A}
	at net.minecraft.client.Minecraft.<init>(Minecraft.java:393) ~[forge-1.15.2-31.1.0_mapped_snapshot_20190719-1.14.3-recomp.jar:?] {re:classloading,pl:accesstransformer:B,pl:runtimedistcleaner:A}
	at net.minecraft.client.main.Main.main(Main.java:141) ~[forge-1.15.2-31.1.0_mapped_snapshot_20190719-1.14.3-recomp.jar:?] {re:classloading,pl:runtimedistcleaner:A}
	at jdk.internal.reflect.NativeMethodAccessorImpl.invoke0(Native Method) ~[?:?] {}
	at jdk.internal.reflect.NativeMethodAccessorImpl.invoke(NativeMethodAccessorImpl.java:62) ~[?:?] {}
	at jdk.internal.reflect.DelegatingMethodAccessorImpl.invoke(DelegatingMethodAccessorImpl.java:43) ~[?:?] {}
	at java.lang.reflect.Method.invoke(Method.java:564) ~[?:?] {}
	at net.minecraftforge.userdev.FMLUserdevClientLaunchProvider.lambda$launchService$0(FMLUserdevClientLaunchProvider.java:55) ~[forge-1.15.2-31.1.0_mapped_snapshot_20190719-1.14.3-recomp.jar:?] {}
	at cpw.mods.modlauncher.LaunchServiceHandlerDecorator.launch(LaunchServiceHandlerDecorator.java:37) [modlauncher-5.0.0-milestone.4.jar:?] {}
	at cpw.mods.modlauncher.LaunchServiceHandler.launch(LaunchServiceHandler.java:54) [modlauncher-5.0.0-milestone.4.jar:?] {}
	at cpw.mods.modlauncher.LaunchServiceHandler.launch(LaunchServiceHandler.java:72) [modlauncher-5.0.0-milestone.4.jar:?] {}
	at cpw.mods.modlauncher.Launcher.run(Launcher.java:81) [modlauncher-5.0.0-milestone.4.jar:?] {}
	at cpw.mods.modlauncher.Launcher.main(Launcher.java:65) [modlauncher-5.0.0-milestone.4.jar:?] {}
	at net.minecraftforge.userdev.LaunchTesting.main(LaunchTesting.java:102) [forge-1.15.2-31.1.0_mapped_snapshot_20190719-1.14.3-recomp.jar:?] {}
Caused by: java.lang.IllegalStateException: Failed to resolve consumer event type: net.minecraftforge.fml.network.simple.SimpleChannel$$Lambda$2250/0x0000000801416c40@44c54463
	at net.minecraftforge.eventbus.EventBus.addListener(EventBus.java:194) ~[eventbus-2.0.0-milestone.1-service.jar:?] {}
	at net.minecraftforge.eventbus.EventBus.addListener(EventBus.java:161) ~[eventbus-2.0.0-milestone.1-service.jar:?] {}
	at net.minecraftforge.eventbus.EventBus.addListener(EventBus.java:156) ~[eventbus-2.0.0-milestone.1-service.jar:?] {}
	at net.minecraftforge.eventbus.EventBus.addListener(EventBus.java:151) ~[eventbus-2.0.0-milestone.1-service.jar:?] {}
	at net.minecraftforge.fml.network.NetworkInstance.addListener(NetworkInstance.java:65) ~[?:?] {re:classloading}
	at net.minecraftforge.fml.network.simple.SimpleChannel.<init>(SimpleChannel.java:56) ~[?:?] {re:classloading}
	at net.minecraftforge.fml.network.simple.SimpleChannel.<init>(SimpleChannel.java:49) ~[?:?] {re:classloading}
	at net.minecraftforge.fml.network.NetworkRegistry$ChannelBuilder.simpleChannel(NetworkRegistry.java:409) ~[?:?] {re:classloading}
	at net.minecraftforge.fml.network.NetworkInitialization.getHandshakeChannel(NetworkInitialization.java:38) ~[?:?] {re:classloading}
	at net.minecraftforge.fml.network.FMLNetworkConstants.<clinit>(FMLNetworkConstants.java:48) ~[?:?] {re:classloading}
	... 18 more


A detailed walkthrough of the error, its code path and all known details is as follows:
---------------------------------------------------------------------------------------

-- Head --
Thread: Render thread
Stacktrace:
	at net.minecraftforge.fml.ModLoader.<init>(ModLoader.java:121)
	at net.minecraftforge.fml.ModLoader.get(ModLoader.java:146)
	at net.minecraftforge.fml.client.ClientModLoader.lambda$begin$2(ClientModLoader.java:97)
	at net.minecraftforge.fml.client.ClientModLoader.lambda$createRunnableWithCatch$5(ClientModLoader.java:113)
	at net.minecraftforge.fml.client.ClientModLoader.begin(ClientModLoader.java:97)
	at net.minecraft.client.Minecraft.<init>(Minecraft.java:393)

-- Initialization --
Details:
Stacktrace:
	at net.minecraft.client.main.Main.main(Main.java:141)
	at java.base/jdk.internal.reflect.NativeMethodAccessorImpl.invoke0(Native Method)
	at java.base/jdk.internal.reflect.NativeMethodAccessorImpl.invoke(NativeMethodAccessorImpl.java:62)
	at java.base/jdk.internal.reflect.DelegatingMethodAccessorImpl.invoke(DelegatingMethodAccessorImpl.java:43)
	at java.base/java.lang.reflect.Method.invoke(Method.java:564)
	at net.minecraftforge.userdev.FMLUserdevClientLaunchProvider.lambda$launchService$0(FMLUserdevClientLaunchProvider.java:55)
	at cpw.mods.modlauncher.LaunchServiceHandlerDecorator.launch(LaunchServiceHandlerDecorator.java:37)
	at cpw.mods.modlauncher.LaunchServiceHandler.launch(LaunchServiceHandler.java:54)
	at cpw.mods.modlauncher.LaunchServiceHandler.launch(LaunchServiceHandler.java:72)
	at cpw.mods.modlauncher.Launcher.run(Launcher.java:81)
	at cpw.mods.modlauncher.Launcher.main(Launcher.java:65)
	at net.minecraftforge.userdev.LaunchTesting.main(LaunchTesting.java:102)

-- System Details --
Details:
	Minecraft Version: 1.15.2
	Minecraft Version ID: 1.15.2
	Operating System: Windows 10 (amd64) version 10.0
	Java Version: 14.0.1, Oracle Corporation
	Java VM Version: Java HotSpot(TM) 64-Bit Server VM (mixed mode, sharing), Oracle Corporation
	Memory: 527622704 bytes (503 MB) / 1318060032 bytes (1257 MB) up to 4282384384 bytes (4084 MB)
	CPUs: 12
	JVM Flags: 1 total; -XX:HeapDumpPath=MojangTricksIntelDriversForPerformance_javaw.exe_minecraft.exe.heapdump
	Launched Version: MOD_DEV
	Backend library: LWJGL version 3.2.2 build 10
	Backend API: GeForce RTX 2070/PCIe/SSE2 GL version 4.6.0 NVIDIA 451.48, NVIDIA Corporation
	GL Caps: Using framebuffer using OpenGL 3.0
	Using VBOs: Yes
	Is Modded: Definitely; Client brand changed to 'forge'
	Type: Client (map_client.txt)
	CPU: 12x AMD Ryzen 5 1600X Six-Core Processor 
[08juil.2020 16:40:22.573] [Render thread/INFO] [STDOUT/]: [net.minecraft.util.registry.Bootstrap:printToSYSOUT:109]: #@!@# Game crashed! Crash report saved to: #@!@# S:\Workspace\Minecraft\WarOfSquirrels\run\.\crash-reports\crash-2020-07-08_16.40.22-client.txt
